<?xml version="1.0" encoding="UTF-8"?>
<!-- Generated by org.testng.reporters.JUnitReportReporter -->
<testsuite hostname="DESKTOP-P2FITBV" failures="0" tests="1" name="api.com.tests.Auth" time="2.162" errors="0" timestamp="2023-08-22T00:38:06 EDT" skipped="0">
  <testcase classname="api.com.tests.Auth" name="BasicAuth" time="2.162"/>
</testsuite> <!-- api.com.tests.Auth -->
