<?xml version="1.0" encoding="UTF-8"?>
<!-- Generated by org.testng.reporters.JUnitReportReporter -->
<testsuite hostname="DESKTOP-P2FITBV" failures="0" tests="1" name="api.com.tests.TestingPostMethod" time="0.315" errors="0" timestamp="2023-08-22T01:55:20 EDT" skipped="0">
  <testcase classname="api.com.tests.TestingPostMethod" name="complexpojo" time="0.315"/>
</testsuite> <!-- api.com.tests.TestingPostMethod -->
