<?xml version="1.0" encoding="UTF-8"?>
<!-- Generated by org.testng.reporters.JUnitReportReporter -->
<testsuite hostname="DESKTOP-P2FITBV" failures="0" tests="3" name="api.com.tests.TestNG" time="0.257" errors="0" timestamp="2023-08-18T21:30:45 EDT" skipped="0">
  <testcase classname="api.com.tests.TestNG" name="f" time="0.048"/>
  <testcase classname="api.com.tests.TestNG" name="f" time="0.050"/>
  <testcase classname="api.com.tests.TestNG" name="f" time="0.159"/>
</testsuite> <!-- api.com.tests.TestNG -->
