<?xml version="1.0" encoding="UTF-8"?>
<!-- Generated by org.testng.reporters.JUnitReportReporter -->
<testsuite hostname="DESKTOP-P2FITBV" failures="0" tests="1" name="api.com.tests.postmethodjson" time="2.421" errors="0" timestamp="2023-08-22T01:55:20 EDT" skipped="0">
  <testcase classname="api.com.tests.postmethodjson" name="validatestatusCodeGetUsers" time="2.421"/>
</testsuite> <!-- api.com.tests.postmethodjson -->
